Docker Entrypoint started at Tue Apr 15 17:03:55 UTC 2025
Waiting for database to be ready...
Waiting for database... attempt 1/30
Waiting for database... attempt 2/30
Database is ready!
Starting database migrations...
Ensuring migration tracking table exists...
Checking migration: 01_init.sql
Applying migration: 01_init.sql...
Successfully applied and recorded: 01_init.sql
Checking migration: 03_evidence_migration.sql
Applying migration: 03_evidence_migration.sql...
Successfully applied and recorded: 03_evidence_migration.sql
Checking migration: 04_mfa_migration.sql
Applying migration: 04_mfa_migration.sql...
Successfully applied and recorded: 04_mfa_migration.sql
Checking migration: 05_account_lockout_migration.sql
Applying migration: 05_account_lockout_migration.sql...
Successfully applied and recorded: 05_account_lockout_migration.sql
Checking migration: 06_settings_migration.sql
Applying migration: 06_settings_migration.sql...
Successfully applied and recorded: 06_settings_migration.sql
Checking migration: 07_dark_mode_setting.sql
Applying migration: 07_dark_mode_setting.sql...
Successfully applied and recorded: 07_dark_mode_setting.sql
Checking migration: 08_expanded_settings.sql
Applying migration: 08_expanded_settings.sql...
Successfully applied and recorded: 08_expanded_settings.sql
Database migrations complete!
RUN_FULL_SEED is set to true. Running full database seed...
2025-04-15 17:04:01,226 - INFO - Starting database initialization...
2025-04-15 17:04:01,232 - INFO - Database connection successful
2025-04-15 17:04:01,236 - INFO - Tables exist but no users found. Need to populate with data.
2025-04-15 17:04:01,243 - INFO - Database connection successful
2025-04-15 17:04:01,244 - INFO - Creating tables...
2025-04-15 17:04:01,247 - INFO - Tables created successfully
2025-04-15 17:04:01,255 - INFO - Database connection successful
2025-04-15 17:04:01,257 - INFO - Creating admin user...
2025-04-15 17:04:01,356 - INFO - Admin user created
2025-04-15 17:04:01,357 - INFO - Creating regular user...
2025-04-15 17:04:01,436 - INFO - Regular user created
2025-04-15 17:04:01,448 - INFO - Loaded 110 controls from JSON file
2025-04-15 17:04:01,455 - INFO - Database connection successful
2025-04-15 17:04:01,458 - INFO - Importing 110 controls...
2025-04-15 17:04:01,489 - INFO - Added review dates to sample controls
2025-04-15 17:04:01,493 - INFO - Successfully imported controls from /app/cmmc_controls.json

2025-04-15 17:04:01,497 - INFO - Database connection successful
2025-04-15 17:04:01,498 - INFO - Creating sample tasks...
2025-04-15 17:04:01,503 - INFO - Sample tasks created successfully
2025-04-15 17:04:01,504 - INFO - Database initialization complete!
2025-04-15 17:04:01,504 - INFO - Default admin credentials: username=admin, password=adminpassword
2025-04-15 17:04:01,505 - INFO - Default user credentials: username=user, password=userpassword
Seed script (seed_db.py) finished with exit code 0
Starting application (exec /app/start.sh)...
